<?xml version="1.0" encoding="UTF-8"?>
<testsuite name="assignment1.problem1.DepositTest" tests="1" skipped="0" failures="0" errors="0" timestamp="2020-01-29T03:06:20" hostname="Steves-Macbook-Pro.local" time="0.004">
  <properties/>
  <testcase name="setName" classname="assignment1.problem1.DepositTest" time="0.004"/>
  <system-out><![CDATA[]]></system-out>
  <system-err><![CDATA[]]></system-err>
</testsuite>
