<?xml version="1.0" encoding="UTF-8"?>
<testsuite name="TemplateGetterTest" tests="1" skipped="0" failures="0" errors="0" timestamp="2020-03-16T05:18:40" hostname="Steves-Macbook-Pro.local" time="0.001">
  <properties/>
  <testcase name="getTemplate" classname="TemplateGetterTest" time="0.001"/>
  <system-out><![CDATA[]]></system-out>
  <system-err><![CDATA[]]></system-err>
</testsuite>
