<?xml version="1.0" encoding="UTF-8"?>
<testsuite name="CommandParserTest" tests="3" skipped="0" failures="0" errors="0" timestamp="2020-03-16T05:18:40" hostname="Steves-Macbook-Pro.local" time="0.002">
  <properties/>
  <testcase name="getOutputDir" classname="CommandParserTest" time="0.001"/>
  <testcase name="getTemplateName" classname="CommandParserTest" time="0.001"/>
  <testcase name="getCSVFileName" classname="CommandParserTest" time="0.0"/>
  <system-out><![CDATA[]]></system-out>
  <system-err><![CDATA[]]></system-err>
</testsuite>
